# JRE version: OpenJDK Runtime Environment Temurin-17.0.1+12 (17.0.1+12) (build 17.0.1+12)
# Java VM: OpenJDK 64-Bit Server VM Temurin-17.0.1+12 (17.0.1+12, mixed mode, sharing, tiered, compressed oops, compressed class ptrs, g1 gc, windows-amd64)
GC Precious Log:
 CPUs: 20 total, 20 available
 Memory: 16197M
 Large Page Support: Disabled
 NUMA Support: Disabled
 Compressed Oops: Enabled (Zero based)
 Heap Region Size: 2M
 Heap Min Capacity: 8M
 Heap Initial Capacity: 254M
 Heap Max Capacity: 4G
 Pre-touch: Disabled
 Parallel Workers: 15
 Concurrent Workers: 4
 Concurrent Refinement Workers: 15
 Periodic GC: Disabled
Heap:
 garbage-first heap   total 499712K, used 221254K [0x0000000700000000, 0x0000000800000000)
  region size 2048K, 38 young (77824K), 8 survivors (16384K)
 Metaspace       used 72823K, committed 73600K, reserved 1114112K
  class space    used 9896K, committed 10240K, reserved 1048576K
GC Heap History (20 events):
Event: 8.450 GC heap before
{Heap before GC invocations=28 (full 1):
 garbage-first heap   total 165888K, used 82318K [0x0000000700000000, 0x0000000800000000)
  region size 2048K, 4 young (8192K), 2 survivors (4096K)
 Metaspace       used 66291K, committed 66944K, reserved 1114112K
  class space    used 8949K, committed 9280K, reserved 1048576K
}
Event: 8.451 GC heap after
{Heap after GC invocations=29 (full 1):
 garbage-first heap   total 331776K, used 78328K [0x0000000700000000, 0x0000000800000000)
  region size 2048K, 1 young (2048K), 1 survivors (2048K)
 Metaspace       used 66291K, committed 66944K, reserved 1114112K
  class space    used 8949K, committed 9280K, reserved 1048576K
}
Event: 8.977 GC heap before
{Heap before GC invocations=29 (full 1):
 garbage-first heap   total 331776K, used 221688K [0x0000000700000000, 0x0000000800000000)
  region size 2048K, 71 young (145408K), 1 survivors (2048K)
 Metaspace       used 66291K, committed 66944K, reserved 1114112K
  class space    used 8949K, committed 9280K, reserved 1048576K
}
Event: 8.980 GC heap after
{Heap after GC invocations=30 (full 1):
 garbage-first heap   total 331776K, used 81742K [0x0000000700000000, 0x0000000800000000)
  region size 2048K, 3 young (6144K), 3 survivors (6144K)
 Metaspace       used 66291K, committed 66944K, reserved 1114112K
  class space    used 8949K, committed 9280K, reserved 1048576K
}
Event: 9.441 GC heap before
{Heap before GC invocations=30 (full 1):
 garbage-first heap   total 331776K, used 241486K [0x0000000700000000, 0x0000000800000000)
  region size 2048K, 81 young (165888K), 3 survivors (6144K)
 Metaspace       used 66296K, committed 67008K, reserved 1114112K
  class space    used 8949K, committed 9280K, reserved 1048576K
}
Event: 9.444 GC heap after
{Heap after GC invocations=31 (full 1):
 garbage-first heap   total 331776K, used 84971K [0x0000000700000000, 0x0000000800000000)
  region size 2048K, 5 young (10240K), 5 survivors (10240K)
 Metaspace       used 66296K, committed 67008K, reserved 1114112K
  class space    used 8949K, committed 9280K, reserved 1048576K
}
Event: 10.111 GC heap before
{Heap before GC invocations=32 (full 1):
 garbage-first heap   total 307200K, used 250859K [0x0000000700000000, 0x0000000800000000)
  region size 2048K, 86 young (176128K), 5 survivors (10240K)
 Metaspace       used 66296K, committed 67008K, reserved 1114112K
  class space    used 8949K, committed 9280K, reserved 1048576K
}
Event: 10.115 GC heap after
{Heap after GC invocations=33 (full 1):
 garbage-first heap   total 307200K, used 88121K [0x0000000700000000, 0x0000000800000000)
  region size 2048K, 6 young (12288K), 6 survivors (12288K)
 Metaspace       used 66296K, committed 67008K, reserved 1114112K
  class space    used 8949K, committed 9280K, reserved 1048576K
}
Event: 10.120 GC heap before
{Heap before GC invocations=33 (full 1):
 garbage-first heap   total 307200K, used 90169K [0x0000000700000000, 0x0000000800000000)
  region size 2048K, 7 young (14336K), 6 survivors (12288K)
 Metaspace       used 66296K, committed 67008K, reserved 1114112K
  class space    used 8949K, committed 9280K, reserved 1048576K
}
Event: 10.123 GC heap after
{Heap after GC invocations=34 (full 1):
 garbage-first heap   total 307200K, used 88515K [0x0000000700000000, 0x0000000800000000)
  region size 2048K, 1 young (2048K), 1 survivors (2048K)
 Metaspace       used 66296K, committed 67008K, reserved 1114112K
  class space    used 8949K, committed 9280K, reserved 1048576K
}
Event: 10.424 GC heap before
{Heap before GC invocations=34 (full 1):
 garbage-first heap   total 307200K, used 238019K [0x0000000700000000, 0x0000000800000000)
  region size 2048K, 74 young (151552K), 1 survivors (2048K)
 Metaspace       used 66296K, committed 67008K, reserved 1114112K
  class space    used 8949K, committed 9280K, reserved 1048576K
}
Event: 10.427 GC heap after
{Heap after GC invocations=35 (full 1):
 garbage-first heap   total 307200K, used 92660K [0x0000000700000000, 0x0000000800000000)
  region size 2048K, 3 young (6144K), 3 survivors (6144K)
 Metaspace       used 66296K, committed 67008K, reserved 1114112K
  class space    used 8949K, committed 9280K, reserved 1048576K
}
Event: 11.050 GC heap before
{Heap before GC invocations=36 (full 1):
 garbage-first heap   total 307200K, used 242164K [0x0000000700000000, 0x0000000800000000)
  region size 2048K, 76 young (155648K), 3 survivors (6144K)
 Metaspace       used 66317K, committed 67072K, reserved 1114112K
  class space    used 8953K, committed 9280K, reserved 1048576K
}
Event: 11.055 GC heap after
{Heap after GC invocations=37 (full 1):
 garbage-first heap   total 614400K, used 95641K [0x0000000700000000, 0x0000000800000000)
  region size 2048K, 5 young (10240K), 5 survivors (10240K)
 Metaspace       used 66317K, committed 67072K, reserved 1114112K
  class space    used 8953K, committed 9280K, reserved 1048576K
}
Event: 11.156 GC heap before
{Heap before GC invocations=37 (full 1):
 garbage-first heap   total 614400K, used 116121K [0x0000000700000000, 0x0000000800000000)
  region size 2048K, 15 young (30720K), 5 survivors (10240K)
 Metaspace       used 66322K, committed 67072K, reserved 1114112K
  class space    used 8953K, committed 9280K, reserved 1048576K
}
Event: 11.159 GC heap after
{Heap after GC invocations=38 (full 1):
 garbage-first heap   total 614400K, used 94754K [0x0000000700000000, 0x0000000800000000)
  region size 2048K, 2 young (4096K), 2 survivors (4096K)
 Metaspace       used 66322K, committed 67072K, reserved 1114112K
  class space    used 8953K, committed 9280K, reserved 1048576K
}
Event: 12.223 GC heap before
{Heap before GC invocations=38 (full 1):
 garbage-first heap   total 614400K, used 457250K [0x0000000700000000, 0x0000000800000000)
  region size 2048K, 180 young (368640K), 2 survivors (4096K)
 Metaspace       used 66391K, committed 67072K, reserved 1114112K
  class space    used 8963K, committed 9280K, reserved 1048576K
}
Event: 12.227 GC heap after
{Heap after GC invocations=39 (full 1):
 garbage-first heap   total 614400K, used 105547K [0x0000000700000000, 0x0000000800000000)
  region size 2048K, 7 young (14336K), 7 survivors (14336K)
 Metaspace       used 66391K, committed 67072K, reserved 1114112K
  class space    used 8963K, committed 9280K, reserved 1048576K
}
Event: 13.927 GC heap before
{Heap before GC invocations=39 (full 1):
 garbage-first heap   total 614400K, used 144459K [0x0000000700000000, 0x0000000800000000)
  region size 2048K, 28 young (57344K), 7 survivors (14336K)
 Metaspace       used 68275K, committed 68992K, reserved 1114112K
  class space    used 9203K, committed 9536K, reserved 1048576K
}
Event: 13.931 GC heap after
{Heap after GC invocations=40 (full 1):
 garbage-first heap   total 614400K, used 106566K [0x0000000700000000, 0x0000000800000000)
  region size 2048K, 8 young (16384K), 8 survivors (16384K)
 Metaspace       used 68275K, committed 68992K, reserved 1114112K
  class space    used 9203K, committed 9536K, reserved 1048576K
}

