# JRE version: OpenJDK Runtime Environment Temurin-17.0.1+12 (17.0.1+12) (build 17.0.1+12)
# Java VM: OpenJDK 64-Bit Server VM Temurin-17.0.1+12 (17.0.1+12, mixed mode, sharing, tiered, compressed oops, compressed class ptrs, g1 gc, windows-amd64)
GC Precious Log:
 CPUs: 4 total, 4 available
 Memory: 16297M
 Large Page Support: Disabled
 NUMA Support: Disabled
 Compressed Oops: Enabled (Zero based)
 Heap Region Size: 2M
 Heap Min Capacity: 8M
 Heap Initial Capacity: 256M
 Heap Max Capacity: 4G
 Pre-touch: Disabled
 Parallel Workers: 4
 Concurrent Workers: 1
 Concurrent Refinement Workers: 4
 Periodic GC: Disabled
Heap:
 garbage-first heap   total 253952K, used 161564K [0x0000000700000000, 0x0000000800000000)
  region size 2048K, 32 young (65536K), 7 survivors (14336K)
 Metaspace       used 72174K, committed 72896K, reserved 1114112K
  class space    used 9786K, committed 10112K, reserved 1048576K
GC Heap History (20 events):
Event: 17.124 GC heap before
{Heap before GC invocations=32 (full 0):
 garbage-first heap   total 120832K, used 76839K [0x0000000700000000, 0x0000000800000000)
  region size 2048K, 8 young (16384K), 2 survivors (4096K)
 Metaspace       used 65327K, committed 65984K, reserved 1105920K
  class space    used 8829K, committed 9152K, reserved 1048576K
}
Event: 17.128 GC heap after
{Heap after GC invocations=33 (full 0):
 garbage-first heap   total 120832K, used 67812K [0x0000000700000000, 0x0000000800000000)
  region size 2048K, 1 young (2048K), 1 survivors (2048K)
 Metaspace       used 65327K, committed 65984K, reserved 1105920K
  class space    used 8829K, committed 9152K, reserved 1048576K
}
Event: 17.468 GC heap before
{Heap before GC invocations=33 (full 0):
 garbage-first heap   total 120832K, used 90340K [0x0000000700000000, 0x0000000800000000)
  region size 2048K, 12 young (24576K), 1 survivors (2048K)
 Metaspace       used 65342K, committed 66048K, reserved 1105920K
  class space    used 8829K, committed 9152K, reserved 1048576K
}
Event: 17.471 GC heap after
{Heap after GC invocations=34 (full 0):
 garbage-first heap   total 284672K, used 69280K [0x0000000700000000, 0x0000000800000000)
  region size 2048K, 2 young (4096K), 2 survivors (4096K)
 Metaspace       used 65342K, committed 66048K, reserved 1105920K
  class space    used 8829K, committed 9152K, reserved 1048576K
}
Event: 18.976 GC heap before
{Heap before GC invocations=35 (full 0):
 garbage-first heap   total 253952K, used 185788K [0x0000000700000000, 0x0000000800000000)
  region size 2048K, 59 young (120832K), 2 survivors (4096K)
 Metaspace       used 65351K, committed 66048K, reserved 1105920K
  class space    used 8830K, committed 9152K, reserved 1048576K
}
Event: 18.980 GC heap after
{Heap after GC invocations=36 (full 0):
 garbage-first heap   total 253952K, used 71600K [0x0000000700000000, 0x0000000800000000)
  region size 2048K, 3 young (6144K), 3 survivors (6144K)
 Metaspace       used 65351K, committed 66048K, reserved 1105920K
  class space    used 8830K, committed 9152K, reserved 1048576K
}
Event: 19.658 GC heap before
{Heap before GC invocations=36 (full 0):
 garbage-first heap   total 253952K, used 178096K [0x0000000700000000, 0x0000000800000000)
  region size 2048K, 55 young (112640K), 3 survivors (6144K)
 Metaspace       used 65351K, committed 66048K, reserved 1105920K
  class space    used 8830K, committed 9152K, reserved 1048576K
}
Event: 19.664 GC heap after
{Heap after GC invocations=37 (full 0):
 garbage-first heap   total 253952K, used 73728K [0x0000000700000000, 0x0000000800000000)
  region size 2048K, 4 young (8192K), 4 survivors (8192K)
 Metaspace       used 65351K, committed 66048K, reserved 1105920K
  class space    used 8830K, committed 9152K, reserved 1048576K
}
Event: 20.419 GC heap before
{Heap before GC invocations=37 (full 0):
 garbage-first heap   total 253952K, used 184320K [0x0000000700000000, 0x0000000800000000)
  region size 2048K, 58 young (118784K), 4 survivors (8192K)
 Metaspace       used 65355K, committed 66048K, reserved 1105920K
  class space    used 8830K, committed 9152K, reserved 1048576K
}
Event: 20.425 GC heap after
{Heap after GC invocations=38 (full 0):
 garbage-first heap   total 253952K, used 76135K [0x0000000700000000, 0x0000000800000000)
  region size 2048K, 6 young (12288K), 6 survivors (12288K)
 Metaspace       used 65355K, committed 66048K, reserved 1105920K
  class space    used 8830K, committed 9152K, reserved 1048576K
}
Event: 21.042 GC heap before
{Heap before GC invocations=38 (full 0):
 garbage-first heap   total 253952K, used 188775K [0x0000000700000000, 0x0000000800000000)
  region size 2048K, 61 young (124928K), 6 survivors (12288K)
 Metaspace       used 65355K, committed 66048K, reserved 1105920K
  class space    used 8830K, committed 9152K, reserved 1048576K
}
Event: 21.049 GC heap after
{Heap after GC invocations=39 (full 0):
 garbage-first heap   total 253952K, used 78988K [0x0000000700000000, 0x0000000800000000)
  region size 2048K, 5 young (10240K), 5 survivors (10240K)
 Metaspace       used 65355K, committed 66048K, reserved 1105920K
  class space    used 8830K, committed 9152K, reserved 1048576K
}
Event: 22.230 GC heap before
{Heap before GC invocations=39 (full 0):
 garbage-first heap   total 253952K, used 195724K [0x0000000700000000, 0x0000000800000000)
  region size 2048K, 62 young (126976K), 5 survivors (10240K)
 Metaspace       used 65361K, committed 66048K, reserved 1105920K
  class space    used 8830K, committed 9152K, reserved 1048576K
}
Event: 22.236 GC heap after
{Heap after GC invocations=40 (full 0):
 garbage-first heap   total 253952K, used 80862K [0x0000000700000000, 0x0000000800000000)
  region size 2048K, 5 young (10240K), 5 survivors (10240K)
 Metaspace       used 65361K, committed 66048K, reserved 1105920K
  class space    used 8830K, committed 9152K, reserved 1048576K
}
Event: 23.299 GC heap before
{Heap before GC invocations=40 (full 0):
 garbage-first heap   total 253952K, used 197598K [0x0000000700000000, 0x0000000800000000)
  region size 2048K, 62 young (126976K), 5 survivors (10240K)
 Metaspace       used 65361K, committed 66048K, reserved 1105920K
  class space    used 8830K, committed 9152K, reserved 1048576K
}
Event: 23.306 GC heap after
{Heap after GC invocations=41 (full 0):
 garbage-first heap   total 253952K, used 84833K [0x0000000700000000, 0x0000000800000000)
  region size 2048K, 6 young (12288K), 6 survivors (12288K)
 Metaspace       used 65361K, committed 66048K, reserved 1105920K
  class space    used 8830K, committed 9152K, reserved 1048576K
}
Event: 23.759 GC heap before
{Heap before GC invocations=41 (full 0):
 garbage-first heap   total 253952K, used 199521K [0x0000000700000000, 0x0000000800000000)
  region size 2048K, 62 young (126976K), 6 survivors (12288K)
 Metaspace       used 65361K, committed 66048K, reserved 1105920K
  class space    used 8830K, committed 9152K, reserved 1048576K
}
Event: 23.766 GC heap after
{Heap after GC invocations=42 (full 0):
 garbage-first heap   total 253952K, used 87101K [0x0000000700000000, 0x0000000800000000)
  region size 2048K, 6 young (12288K), 6 survivors (12288K)
 Metaspace       used 65361K, committed 66048K, reserved 1105920K
  class space    used 8830K, committed 9152K, reserved 1048576K
}
Event: 27.154 GC heap before
{Heap before GC invocations=42 (full 0):
 garbage-first heap   total 253952K, used 226365K [0x0000000700000000, 0x0000000800000000)
  region size 2048K, 58 young (118784K), 6 survivors (12288K)
 Metaspace       used 67440K, committed 68096K, reserved 1114112K
  class space    used 9075K, committed 9408K, reserved 1048576K
}
Event: 27.165 GC heap after
{Heap after GC invocations=43 (full 0):
 garbage-first heap   total 253952K, used 106268K [0x0000000700000000, 0x0000000800000000)
  region size 2048K, 7 young (14336K), 7 survivors (14336K)
 Metaspace       used 67440K, committed 68096K, reserved 1114112K
  class space    used 9075K, committed 9408K, reserved 1048576K
}

